[debug] [2017-09-01T17:15:43.275Z] ----------------------------------------------------------------------
[debug] [2017-09-01T17:15:43.277Z] Command:       /usr/local/bin/node /usr/local/bin/firebase serve
[debug] [2017-09-01T17:15:43.278Z] CLI Version:   3.9.2
[debug] [2017-09-01T17:15:43.278Z] Platform:      darwin
[debug] [2017-09-01T17:15:43.278Z] Node Version:  v6.11.1
[debug] [2017-09-01T17:15:43.278Z] Time:          Fri Sep 01 2017 12:15:43 GMT-0500 (CDT)
[debug] [2017-09-01T17:15:43.278Z] ----------------------------------------------------------------------
[debug] 
[debug] [2017-09-01T17:15:43.294Z] > command requires scopes: ["email","openid","https://www.googleapis.com/auth/cloudplatformprojects.readonly","https://www.googleapis.com/auth/firebase","https://www.googleapis.com/auth/cloud-platform"]
[debug] [2017-09-01T17:15:43.294Z] > authorizing via signed-in user
[debug] [2017-09-01T17:15:43.296Z] >>> HTTP REQUEST GET https://admin.firebase.com/v1/projects/friendtracker-dfbd1  
 Fri Sep 01 2017 12:15:43 GMT-0500 (CDT)
[debug] [2017-09-01T17:15:43.583Z] <<< HTTP RESPONSE 200
[debug] [2017-09-01T17:15:43.584Z] >>> HTTP REQUEST GET https://admin.firebase.com/v1/database/friendtracker-dfbd1/tokens  
 Fri Sep 01 2017 12:15:43 GMT-0500 (CDT)
[debug] [2017-09-01T17:15:44.063Z] <<< HTTP RESPONSE 200
[info] 
[info] === Serving from '/Users/ericaustin/Documents/prime/friendTracker'...
[info] 
[debug] [2017-09-01T17:15:44.066Z] >>> HTTP REQUEST GET https://cloudresourcemanager.googleapis.com/v1/projects/friendtracker-dfbd1  
 Fri Sep 01 2017 12:15:44 GMT-0500 (CDT)
[debug] [2017-09-01T17:15:44.676Z] <<< HTTP RESPONSE 200
[debug] [2017-09-01T17:15:44.676Z] >>> HTTP REQUEST GET https://mobilesdk-pa.googleapis.com/v1/projects/503907266851/clients/_:getWebAppConfig  
 Fri Sep 01 2017 12:15:44 GMT-0500 (CDT)
[debug] [2017-09-01T17:15:45.289Z] <<< HTTP RESPONSE 200
[debug] [2017-09-01T17:15:45.322Z] TypeError: Cannot read property 'public' of undefined
    at Server.<anonymous> (/usr/local/lib/node_modules/firebase-tools/lib/serve/hosting.js:34:17)
    at Server.g (events.js:292:16)
    at emitNone (events.js:86:13)
    at Server.emit (events.js:185:7)
    at emitListeningNT (net.js:1284:10)
    at _combinedTickCallback (internal/process/next_tick.js:77:11)
    at process._tickCallback (internal/process/next_tick.js:104:9)
[error] 
[error] Error: An unexpected error has occurred.
